{"/app/src/cli/src/App.tsx": {"path":"/app/src/cli/src/App.tsx","statementMap":{"0":{"start":{"line":11,"column":13},"end":{"line":45,"column":null}},"1":{"start":{"line":12,"column":25},"end":{"line":12,"column":null}},"2":{"start":{"line":13,"column":17},"end":{"line":13,"column":null}},"3":{"start":{"line":14,"column":19},"end":{"line":14,"column":null}},"4":{"start":{"line":16,"column":2},"end":{"line":43,"column":null}},"5":{"start":{"line":33,"column":15},"end":{"line":36,"column":null}},"6":{"start":{"line":40,"column":42},"end":{"line":40,"column":71}}},"fnMap":{"0":{"name":"(anonymous_0)","decl":{"start":{"line":11,"column":13},"end":{"line":11,"column":25}},"loc":{"start":{"line":11,"column":25},"end":{"line":45,"column":null}},"line":11},"1":{"name":"(anonymous_1)","decl":{"start":{"line":32,"column":20},"end":{"line":32,"column":25}},"loc":{"start":{"line":33,"column":15},"end":{"line":36,"column":null}},"line":33},"2":{"name":"(anonymous_2)","decl":{"start":{"line":40,"column":23},"end":{"line":40,"column":34}},"loc":{"start":{"line":40,"column":42},"end":{"line":40,"column":71}},"line":40}},"branchMap":{"0":{"loc":{"start":{"line":20,"column":7},"end":{"line":43,"column":null}},"type":"cond-expr","locations":[{"start":{"line":21,"column":8},"end":{"line":23,"column":null}},{"start":{"line":23,"column":8},"end":{"line":43,"column":null}}],"line":20}},"s":{"0":1,"1":6,"2":6,"3":6,"4":6,"5":1,"6":1},"f":{"0":6,"1":1,"2":1},"b":{"0":[1,5]},"meta":{"lastBranch":1,"lastFunction":3,"lastStatement":7,"seen":{"s:11:13:45:Infinity":0,"f:11:13:11:25":0,"s:12:25:12:Infinity":1,"s:13:17:13:Infinity":2,"s:14:19:14:Infinity":3,"s:16:2:43:Infinity":4,"b:21:8:23:Infinity:23:8:43:Infinity":0,"f:32:20:32:25":1,"s:33:15:36:Infinity":5,"f:40:23:40:34":2,"s:40:42:40:71":6}}}
,"/app/src/cli/src/components/AgentStatus.tsx": {"path":"/app/src/cli/src/components/AgentStatus.tsx","statementMap":{"0":{"start":{"line":9,"column":13},"end":{"line":20,"column":null}},"1":{"start":{"line":10,"column":2},"end":{"line":18,"column":null}}},"fnMap":{"0":{"name":"(anonymous_0)","decl":{"start":{"line":9,"column":13},"end":{"line":9,"column":56}},"loc":{"start":{"line":9,"column":71},"end":{"line":20,"column":null}},"line":9}},"branchMap":{},"s":{"0":2,"1":6},"f":{"0":6},"b":{},"meta":{"lastBranch":0,"lastFunction":1,"lastStatement":2,"seen":{"s:9:13:20:Infinity":0,"f:9:13:9:56":0,"s:10:2:18:Infinity":1}}}
,"/app/src/cli/src/components/ErrorState.tsx": {"path":"/app/src/cli/src/components/ErrorState.tsx","statementMap":{"0":{"start":{"line":8,"column":13},"end":{"line":17,"column":null}},"1":{"start":{"line":9,"column":2},"end":{"line":15,"column":null}}},"fnMap":{"0":{"name":"(anonymous_0)","decl":{"start":{"line":8,"column":13},"end":{"line":8,"column":54}},"loc":{"start":{"line":8,"column":68},"end":{"line":17,"column":null}},"line":8}},"branchMap":{},"s":{"0":2,"1":2},"f":{"0":2},"b":{},"meta":{"lastBranch":0,"lastFunction":1,"lastStatement":2,"seen":{"s:8:13:17:Infinity":0,"f:8:13:8:54":0,"s:9:2:15:Infinity":1}}}
,"/app/src/cli/src/components/Header.tsx": {"path":"/app/src/cli/src/components/Header.tsx","statementMap":{"0":{"start":{"line":4,"column":13},"end":{"line":11,"column":null}},"1":{"start":{"line":5,"column":2},"end":{"line":9,"column":null}}},"fnMap":{"0":{"name":"(anonymous_0)","decl":{"start":{"line":4,"column":13},"end":{"line":4,"column":38}},"loc":{"start":{"line":4,"column":38},"end":{"line":11,"column":null}},"line":4}},"branchMap":{},"s":{"0":2,"1":7},"f":{"0":7},"b":{},"meta":{"lastBranch":0,"lastFunction":1,"lastStatement":2,"seen":{"s:4:13:11:Infinity":0,"f:4:13:4:38":0,"s:5:2:9:Infinity":1}}}
,"/app/src/cli/src/components/MarkdownText.tsx": {"path":"/app/src/cli/src/components/MarkdownText.tsx","statementMap":{"0":{"start":{"line":8,"column":13},"end":{"line":44,"column":null}},"1":{"start":{"line":9,"column":16},"end":{"line":9,"column":null}},"2":{"start":{"line":11,"column":2},"end":{"line":42,"column":null}},"3":{"start":{"line":14,"column":8},"end":{"line":35,"column":null}},"4":{"start":{"line":15,"column":10},"end":{"line":18,"column":null}},"5":{"start":{"line":20,"column":15},"end":{"line":35,"column":null}},"6":{"start":{"line":21,"column":10},"end":{"line":24,"column":null}},"7":{"start":{"line":26,"column":15},"end":{"line":35,"column":null}},"8":{"start":{"line":27,"column":10},"end":{"line":31,"column":null}},"9":{"start":{"line":33,"column":15},"end":{"line":35,"column":null}},"10":{"start":{"line":34,"column":10},"end":{"line":34,"column":null}},"11":{"start":{"line":36,"column":8},"end":{"line":39,"column":null}}},"fnMap":{"0":{"name":"(anonymous_0)","decl":{"start":{"line":8,"column":13},"end":{"line":8,"column":58}},"loc":{"start":{"line":8,"column":74},"end":{"line":44,"column":null}},"line":8},"1":{"name":"(anonymous_1)","decl":{"start":{"line":13,"column":13},"end":{"line":13,"column":18}},"loc":{"start":{"line":13,"column":34},"end":{"line":41,"column":7}},"line":13}},"branchMap":{"0":{"loc":{"start":{"line":14,"column":8},"end":{"line":35,"column":null}},"type":"if","locations":[{"start":{"line":14,"column":8},"end":{"line":35,"column":null}},{"start":{"line":20,"column":15},"end":{"line":35,"column":null}}],"line":14},"1":{"loc":{"start":{"line":20,"column":15},"end":{"line":35,"column":null}},"type":"if","locations":[{"start":{"line":20,"column":15},"end":{"line":35,"column":null}},{"start":{"line":26,"column":15},"end":{"line":35,"column":null}}],"line":20},"2":{"loc":{"start":{"line":26,"column":15},"end":{"line":35,"column":null}},"type":"if","locations":[{"start":{"line":26,"column":15},"end":{"line":35,"column":null}},{"start":{"line":33,"column":15},"end":{"line":35,"column":null}}],"line":26},"3":{"loc":{"start":{"line":33,"column":15},"end":{"line":35,"column":null}},"type":"if","locations":[{"start":{"line":33,"column":15},"end":{"line":35,"column":null}},{"start":{},"end":{}}],"line":33}},"s":{"0":2,"1":6,"2":6,"3":26,"4":6,"5":20,"6":1,"7":19,"8":12,"9":7,"10":6,"11":1},"f":{"0":6,"1":26},"b":{"0":[6,20],"1":[1,19],"2":[12,7],"3":[6,1]},"meta":{"lastBranch":4,"lastFunction":2,"lastStatement":12,"seen":{"s:8:13:44:Infinity":0,"f:8:13:8:58":0,"s:9:16:9:Infinity":1,"s:11:2:42:Infinity":2,"f:13:13:13:18":1,"b:14:8:35:Infinity:20:15:35:Infinity":0,"s:14:8:35:Infinity":3,"s:15:10:18:Infinity":4,"b:20:15:35:Infinity:26:15:35:Infinity":1,"s:20:15:35:Infinity":5,"s:21:10:24:Infinity":6,"b:26:15:35:Infinity:33:15:35:Infinity":2,"s:26:15:35:Infinity":7,"s:27:10:31:Infinity":8,"b:33:15:35:Infinity:undefined:undefined:undefined:undefined":3,"s:33:15:35:Infinity":9,"s:34:10:34:Infinity":10,"s:36:8:39:Infinity":11}}}
,"/app/src/cli/src/components/PromptInput.tsx": {"path":"/app/src/cli/src/components/PromptInput.tsx","statementMap":{"0":{"start":{"line":10,"column":13},"end":{"line":28,"column":null}},"1":{"start":{"line":11,"column":16},"end":{"line":11,"column":null}},"2":{"start":{"line":13,"column":2},"end":{"line":26,"column":null}},"3":{"start":{"line":22,"column":10},"end":{"line":22,"column":null}},"4":{"start":{"line":23,"column":10},"end":{"line":23,"column":null}}},"fnMap":{"0":{"name":"(anonymous_0)","decl":{"start":{"line":10,"column":13},"end":{"line":10,"column":56}},"loc":{"start":{"line":10,"column":91},"end":{"line":28,"column":null}},"line":10},"1":{"name":"(anonymous_1)","decl":{"start":{"line":21,"column":8},"end":{"line":21,"column":19}},"loc":{"start":{"line":21,"column":27},"end":{"line":24,"column":null}},"line":21}},"branchMap":{"0":{"loc":{"start":{"line":10,"column":68},"end":{"line":10,"column":91}},"type":"default-arg","locations":[{"start":{"line":10,"column":81},"end":{"line":10,"column":91}}],"line":10}},"s":{"0":2,"1":10,"2":10,"3":2,"4":2},"f":{"0":10,"1":2},"b":{"0":[10]},"meta":{"lastBranch":1,"lastFunction":2,"lastStatement":5,"seen":{"s:10:13:28:Infinity":0,"f:10:13:10:56":0,"b:10:81:10:91":0,"s:11:16:11:Infinity":1,"s:13:2:26:Infinity":2,"f:21:8:21:19":1,"s:22:10:22:Infinity":3,"s:23:10:23:Infinity":4}}}
,"/app/src/cli/src/components/ToolProgress.tsx": {"path":"/app/src/cli/src/components/ToolProgress.tsx","statementMap":{"0":{"start":{"line":13,"column":13},"end":{"line":45,"column":null}},"1":{"start":{"line":14,"column":2},"end":{"line":43,"column":null}},"2":{"start":{"line":20,"column":19},"end":{"line":20,"column":null}},"3":{"start":{"line":21,"column":20},"end":{"line":21,"column":null}},"4":{"start":{"line":22,"column":20},"end":{"line":22,"column":null}},"5":{"start":{"line":24,"column":8},"end":{"line":34,"column":null}},"6":{"start":{"line":25,"column":10},"end":{"line":25,"column":null}},"7":{"start":{"line":26,"column":10},"end":{"line":26,"column":null}},"8":{"start":{"line":27,"column":15},"end":{"line":34,"column":null}},"9":{"start":{"line":28,"column":10},"end":{"line":28,"column":null}},"10":{"start":{"line":29,"column":10},"end":{"line":29,"column":null}},"11":{"start":{"line":31,"column":10},"end":{"line":31,"column":null}},"12":{"start":{"line":32,"column":10},"end":{"line":32,"column":null}},"13":{"start":{"line":33,"column":10},"end":{"line":33,"column":null}},"14":{"start":{"line":36,"column":8},"end":{"line":40,"column":null}}},"fnMap":{"0":{"name":"(anonymous_0)","decl":{"start":{"line":13,"column":13},"end":{"line":13,"column":58}},"loc":{"start":{"line":13,"column":72},"end":{"line":45,"column":null}},"line":13},"1":{"name":"(anonymous_1)","decl":{"start":{"line":19,"column":13},"end":{"line":19,"column":18}},"loc":{"start":{"line":19,"column":34},"end":{"line":42,"column":7}},"line":19}},"branchMap":{"0":{"loc":{"start":{"line":24,"column":8},"end":{"line":34,"column":null}},"type":"if","locations":[{"start":{"line":24,"column":8},"end":{"line":34,"column":null}},{"start":{"line":27,"column":15},"end":{"line":34,"column":null}}],"line":24},"1":{"loc":{"start":{"line":27,"column":15},"end":{"line":34,"column":null}},"type":"if","locations":[{"start":{"line":27,"column":15},"end":{"line":34,"column":null}},{"start":{"line":30,"column":15},"end":{"line":34,"column":null}}],"line":27}},"s":{"0":2,"1":6,"2":8,"3":8,"4":8,"5":8,"6":4,"7":4,"8":4,"9":1,"10":1,"11":3,"12":3,"13":3,"14":8},"f":{"0":6,"1":8},"b":{"0":[4,4],"1":[1,3]},"meta":{"lastBranch":2,"lastFunction":2,"lastStatement":15,"seen":{"s:13:13:45:Infinity":0,"f:13:13:13:58":0,"s:14:2:43:Infinity":1,"f:19:13:19:18":1,"s:20:19:20:Infinity":2,"s:21:20:21:Infinity":3,"s:22:20:22:Infinity":4,"b:24:8:34:Infinity:27:15:34:Infinity":0,"s:24:8:34:Infinity":5,"s:25:10:25:Infinity":6,"s:26:10:26:Infinity":7,"b:27:15:34:Infinity:30:15:34:Infinity":1,"s:27:15:34:Infinity":8,"s:28:10:28:Infinity":9,"s:29:10:29:Infinity":10,"s:31:10:31:Infinity":11,"s:32:10:32:Infinity":12,"s:33:10:33:Infinity":13,"s:36:8:40:Infinity":14}}}
,"/app/src/cli/src/hooks/useOrchestrator.ts": {"path":"/app/src/cli/src/hooks/useOrchestrator.ts","statementMap":{"0":{"start":{"line":10,"column":13},"end":{"line":32,"column":null}},"1":{"start":{"line":11,"column":17},"end":{"line":11,"column":null}},"2":{"start":{"line":12,"column":9},"end":{"line":12,"column":null}},"3":{"start":{"line":13,"column":16},"end":{"line":16,"column":null}},"4":{"start":{"line":18,"column":2},"end":{"line":29,"column":null}},"5":{"start":{"line":20,"column":18},"end":{"line":27,"column":null}},"6":{"start":{"line":21,"column":6},"end":{"line":21,"column":null}},"7":{"start":{"line":22,"column":6},"end":{"line":26,"column":null}},"8":{"start":{"line":28,"column":4},"end":{"line":28,"column":null}},"9":{"start":{"line":28,"column":17},"end":{"line":28,"column":null}},"10":{"start":{"line":31,"column":2},"end":{"line":31,"column":null}}},"fnMap":{"0":{"name":"(anonymous_0)","decl":{"start":{"line":10,"column":13},"end":{"line":10,"column":56}},"loc":{"start":{"line":10,"column":56},"end":{"line":32,"column":null}},"line":10},"1":{"name":"(anonymous_1)","decl":{"start":{"line":18,"column":2},"end":{"line":18,"column":18}},"loc":{"start":{"line":18,"column":18},"end":{"line":29,"column":5}},"line":18},"2":{"name":"(anonymous_2)","decl":{"start":{"line":20,"column":18},"end":{"line":20,"column":35}},"loc":{"start":{"line":20,"column":35},"end":{"line":27,"column":7}},"line":20},"3":{"name":"(anonymous_3)","decl":{"start":{"line":28,"column":4},"end":{"line":28,"column":17}},"loc":{"start":{"line":28,"column":17},"end":{"line":28,"column":null}},"line":28}},"branchMap":{},"s":{"0":2,"1":4,"2":4,"3":4,"4":4,"5":2,"6":2,"7":2,"8":2,"9":2,"10":4},"f":{"0":4,"1":2,"2":2,"3":2},"b":{},"meta":{"lastBranch":0,"lastFunction":4,"lastStatement":11,"seen":{"s:10:13:32:Infinity":0,"f:10:13:10:56":0,"s:11:17:11:Infinity":1,"s:12:9:12:Infinity":2,"s:13:16:16:Infinity":3,"s:18:2:29:Infinity":4,"f:18:2:18:18":1,"s:20:18:27:Infinity":5,"f:20:18:20:35":2,"s:21:6:21:Infinity":6,"s:22:6:26:Infinity":7,"s:28:4:28:Infinity":8,"f:28:4:28:17":3,"s:28:17:28:Infinity":9,"s:31:2:31:Infinity":10}}}
}
