{"/app/src/cli/src/App.tsx": {"path":"/app/src/cli/src/App.tsx","statementMap":{"0":{"start":{"line":15,"column":13},"end":{"line":78,"column":null}},"1":{"start":{"line":16,"column":42},"end":{"line":16,"column":null}},"2":{"start":{"line":17,"column":17},"end":{"line":17,"column":null}},"3":{"start":{"line":18,"column":26},"end":{"line":18,"column":null}},"4":{"start":{"line":19,"column":28},"end":{"line":19,"column":null}},"5":{"start":{"line":20,"column":19},"end":{"line":20,"column":null}},"6":{"start":{"line":22,"column":23},"end":{"line":25,"column":null}},"7":{"start":{"line":23,"column":4},"end":{"line":23,"column":null}},"8":{"start":{"line":24,"column":4},"end":{"line":24,"column":null}},"9":{"start":{"line":27,"column":2},"end":{"line":76,"column":null}},"10":{"start":{"line":43,"column":39},"end":{"line":43,"column":67}},"11":{"start":{"line":45,"column":49},"end":{"line":45,"column":79}},"12":{"start":{"line":48,"column":14},"end":{"line":52,"column":null}},"13":{"start":{"line":49,"column":16},"end":{"line":49,"column":null}},"14":{"start":{"line":50,"column":21},"end":{"line":52,"column":null}},"15":{"start":{"line":51,"column":16},"end":{"line":51,"column":null}},"16":{"start":{"line":58,"column":15},"end":{"line":69,"column":null}}},"fnMap":{"0":{"name":"(anonymous_0)","decl":{"start":{"line":15,"column":13},"end":{"line":15,"column":25}},"loc":{"start":{"line":15,"column":25},"end":{"line":78,"column":null}},"line":15},"1":{"name":"(anonymous_1)","decl":{"start":{"line":22,"column":23},"end":{"line":22,"column":30}},"loc":{"start":{"line":22,"column":46},"end":{"line":25,"column":null}},"line":22},"2":{"name":"(anonymous_2)","decl":{"start":{"line":43,"column":25},"end":{"line":43,"column":39}},"loc":{"start":{"line":43,"column":39},"end":{"line":43,"column":67}},"line":43},"3":{"name":"(anonymous_3)","decl":{"start":{"line":45,"column":35},"end":{"line":45,"column":49}},"loc":{"start":{"line":45,"column":49},"end":{"line":45,"column":79}},"line":45},"4":{"name":"(anonymous_4)","decl":{"start":{"line":47,"column":24},"end":{"line":47,"column":35}},"loc":{"start":{"line":47,"column":46},"end":{"line":53,"column":16}},"line":47},"5":{"name":"(anonymous_5)","decl":{"start":{"line":57,"column":20},"end":{"line":57,"column":25}},"loc":{"start":{"line":58,"column":15},"end":{"line":69,"column":null}},"line":58}},"branchMap":{"0":{"loc":{"start":{"line":31,"column":7},"end":{"line":76,"column":null}},"type":"cond-expr","locations":[{"start":{"line":32,"column":8},"end":{"line":34,"column":null}},{"start":{"line":34,"column":8},"end":{"line":76,"column":null}}],"line":31},"1":{"loc":{"start":{"line":42,"column":11},"end":{"line":53,"column":null}},"type":"cond-expr","locations":[{"start":{"line":43,"column":12},"end":{"line":44,"column":null}},{"start":{"line":44,"column":14},"end":{"line":53,"column":null}}],"line":42},"2":{"loc":{"start":{"line":44,"column":14},"end":{"line":53,"column":null}},"type":"cond-expr","locations":[{"start":{"line":45,"column":12},"end":{"line":47,"column":13}},{"start":{"line":47,"column":12},"end":{"line":53,"column":null}}],"line":44},"3":{"loc":{"start":{"line":48,"column":14},"end":{"line":52,"column":null}},"type":"if","locations":[{"start":{"line":48,"column":14},"end":{"line":52,"column":null}},{"start":{"line":50,"column":21},"end":{"line":52,"column":null}}],"line":48},"4":{"loc":{"start":{"line":50,"column":21},"end":{"line":52,"column":null}},"type":"if","locations":[{"start":{"line":50,"column":21},"end":{"line":52,"column":null}},{"start":{},"end":{}}],"line":50},"5":{"loc":{"start":{"line":63,"column":18},"end":{"line":69,"column":null}},"type":"binary-expr","locations":[{"start":{"line":63,"column":18},"end":{"line":63,"column":47}},{"start":{"line":63,"column":47},"end":{"line":63,"column":null}},{"start":{"line":64,"column":20},"end":{"line":69,"column":null}}],"line":63}},"s":{"0":1,"1":10,"2":10,"3":10,"4":10,"5":10,"6":10,"7":4,"8":4,"9":10,"10":0,"11":0,"12":4,"13":1,"14":3,"15":1,"16":4},"f":{"0":10,"1":4,"2":0,"3":0,"4":4,"5":4},"b":{"0":[1,9],"1":[1,8],"2":[1,7],"3":[1,3],"4":[1,2],"5":[4,4,2]},"meta":{"lastBranch":6,"lastFunction":6,"lastStatement":17,"seen":{"s:15:13:78:Infinity":0,"f:15:13:15:25":0,"s:16:42:16:Infinity":1,"s:17:17:17:Infinity":2,"s:18:26:18:Infinity":3,"s:19:28:19:Infinity":4,"s:20:19:20:Infinity":5,"s:22:23:25:Infinity":6,"f:22:23:22:30":1,"s:23:4:23:Infinity":7,"s:24:4:24:Infinity":8,"s:27:2:76:Infinity":9,"b:32:8:34:Infinity:34:8:76:Infinity":0,"b:43:12:44:Infinity:44:14:53:Infinity":1,"f:43:25:43:39":2,"s:43:39:43:67":10,"b:45:12:47:13:47:12:53:Infinity":2,"f:45:35:45:49":3,"s:45:49:45:79":11,"f:47:24:47:35":4,"b:48:14:52:Infinity:50:21:52:Infinity":3,"s:48:14:52:Infinity":12,"s:49:16:49:Infinity":13,"b:50:21:52:Infinity:undefined:undefined:undefined:undefined":4,"s:50:21:52:Infinity":14,"s:51:16:51:Infinity":15,"f:57:20:57:25":5,"s:58:15:69:Infinity":16,"b:63:18:63:47:63:47:63:Infinity:64:20:69:Infinity":5}}}
,"/app/src/cli/src/components/AgentStatus.tsx": {"path":"/app/src/cli/src/components/AgentStatus.tsx","statementMap":{"0":{"start":{"line":4,"column":19},"end":{"line":4,"column":null}},"1":{"start":{"line":10,"column":13},"end":{"line":21,"column":null}},"2":{"start":{"line":11,"column":2},"end":{"line":19,"column":null}}},"fnMap":{"0":{"name":"(anonymous_0)","decl":{"start":{"line":10,"column":13},"end":{"line":10,"column":56}},"loc":{"start":{"line":10,"column":71},"end":{"line":21,"column":null}},"line":10}},"branchMap":{},"s":{"0":2,"1":2,"2":10},"f":{"0":10},"b":{},"meta":{"lastBranch":0,"lastFunction":1,"lastStatement":3,"seen":{"s:4:19:4:Infinity":0,"s:10:13:21:Infinity":1,"f:10:13:10:56":0,"s:11:2:19:Infinity":2}}}
,"/app/src/cli/src/components/ErrorState.tsx": {"path":"/app/src/cli/src/components/ErrorState.tsx","statementMap":{"0":{"start":{"line":8,"column":13},"end":{"line":17,"column":null}},"1":{"start":{"line":9,"column":2},"end":{"line":15,"column":null}}},"fnMap":{"0":{"name":"(anonymous_0)","decl":{"start":{"line":8,"column":13},"end":{"line":8,"column":54}},"loc":{"start":{"line":8,"column":68},"end":{"line":17,"column":null}},"line":8}},"branchMap":{},"s":{"0":3,"1":3},"f":{"0":3},"b":{},"meta":{"lastBranch":0,"lastFunction":1,"lastStatement":2,"seen":{"s:8:13:17:Infinity":0,"f:8:13:8:54":0,"s:9:2:15:Infinity":1}}}
,"/app/src/cli/src/components/Header.tsx": {"path":"/app/src/cli/src/components/Header.tsx","statementMap":{"0":{"start":{"line":4,"column":13},"end":{"line":11,"column":null}},"1":{"start":{"line":5,"column":2},"end":{"line":9,"column":null}}},"fnMap":{"0":{"name":"(anonymous_0)","decl":{"start":{"line":4,"column":13},"end":{"line":4,"column":38}},"loc":{"start":{"line":4,"column":38},"end":{"line":11,"column":null}},"line":4}},"branchMap":{},"s":{"0":2,"1":11},"f":{"0":11},"b":{},"meta":{"lastBranch":0,"lastFunction":1,"lastStatement":2,"seen":{"s:4:13:11:Infinity":0,"f:4:13:4:38":0,"s:5:2:9:Infinity":1}}}
,"/app/src/cli/src/components/MarkdownText.tsx": {"path":"/app/src/cli/src/components/MarkdownText.tsx","statementMap":{"0":{"start":{"line":8,"column":13},"end":{"line":44,"column":null}},"1":{"start":{"line":9,"column":16},"end":{"line":9,"column":null}},"2":{"start":{"line":11,"column":2},"end":{"line":42,"column":null}},"3":{"start":{"line":14,"column":8},"end":{"line":35,"column":null}},"4":{"start":{"line":15,"column":10},"end":{"line":18,"column":null}},"5":{"start":{"line":20,"column":15},"end":{"line":35,"column":null}},"6":{"start":{"line":21,"column":10},"end":{"line":24,"column":null}},"7":{"start":{"line":26,"column":15},"end":{"line":35,"column":null}},"8":{"start":{"line":27,"column":10},"end":{"line":31,"column":null}},"9":{"start":{"line":33,"column":15},"end":{"line":35,"column":null}},"10":{"start":{"line":34,"column":10},"end":{"line":34,"column":null}},"11":{"start":{"line":36,"column":8},"end":{"line":39,"column":null}}},"fnMap":{"0":{"name":"(anonymous_0)","decl":{"start":{"line":8,"column":13},"end":{"line":8,"column":58}},"loc":{"start":{"line":8,"column":74},"end":{"line":44,"column":null}},"line":8},"1":{"name":"(anonymous_1)","decl":{"start":{"line":13,"column":13},"end":{"line":13,"column":18}},"loc":{"start":{"line":13,"column":34},"end":{"line":41,"column":7}},"line":13}},"branchMap":{"0":{"loc":{"start":{"line":14,"column":8},"end":{"line":35,"column":null}},"type":"if","locations":[{"start":{"line":14,"column":8},"end":{"line":35,"column":null}},{"start":{"line":20,"column":15},"end":{"line":35,"column":null}}],"line":14},"1":{"loc":{"start":{"line":20,"column":15},"end":{"line":35,"column":null}},"type":"if","locations":[{"start":{"line":20,"column":15},"end":{"line":35,"column":null}},{"start":{"line":26,"column":15},"end":{"line":35,"column":null}}],"line":20},"2":{"loc":{"start":{"line":26,"column":15},"end":{"line":35,"column":null}},"type":"if","locations":[{"start":{"line":26,"column":15},"end":{"line":35,"column":null}},{"start":{"line":33,"column":15},"end":{"line":35,"column":null}}],"line":26},"3":{"loc":{"start":{"line":33,"column":15},"end":{"line":35,"column":null}},"type":"if","locations":[{"start":{"line":33,"column":15},"end":{"line":35,"column":null}},{"start":{},"end":{}}],"line":33}},"s":{"0":3,"1":13,"2":13,"3":45,"4":10,"5":35,"6":1,"7":34,"8":20,"9":14,"10":10,"11":4},"f":{"0":13,"1":45},"b":{"0":[10,35],"1":[1,34],"2":[20,14],"3":[10,4]},"meta":{"lastBranch":4,"lastFunction":2,"lastStatement":12,"seen":{"s:8:13:44:Infinity":0,"f:8:13:8:58":0,"s:9:16:9:Infinity":1,"s:11:2:42:Infinity":2,"f:13:13:13:18":1,"b:14:8:35:Infinity:20:15:35:Infinity":0,"s:14:8:35:Infinity":3,"s:15:10:18:Infinity":4,"b:20:15:35:Infinity:26:15:35:Infinity":1,"s:20:15:35:Infinity":5,"s:21:10:24:Infinity":6,"b:26:15:35:Infinity:33:15:35:Infinity":2,"s:26:15:35:Infinity":7,"s:27:10:31:Infinity":8,"b:33:15:35:Infinity:undefined:undefined:undefined:undefined":3,"s:33:15:35:Infinity":9,"s:34:10:34:Infinity":10,"s:36:8:39:Infinity":11}}}
,"/app/src/cli/src/components/Marketplace.tsx": {"path":"/app/src/cli/src/components/Marketplace.tsx","statementMap":{"0":{"start":{"line":10,"column":13},"end":{"line":82,"column":null}},"1":{"start":{"line":11,"column":27},"end":{"line":11,"column":null}},"2":{"start":{"line":12,"column":24},"end":{"line":12,"column":null}},"3":{"start":{"line":14,"column":2},"end":{"line":28,"column":null}},"4":{"start":{"line":15,"column":4},"end":{"line":17,"column":null}},"5":{"start":{"line":16,"column":6},"end":{"line":16,"column":null}},"6":{"start":{"line":16,"column":31},"end":{"line":16,"column":52}},"7":{"start":{"line":18,"column":4},"end":{"line":20,"column":null}},"8":{"start":{"line":19,"column":6},"end":{"line":19,"column":null}},"9":{"start":{"line":19,"column":31},"end":{"line":19,"column":68}},"10":{"start":{"line":21,"column":4},"end":{"line":24,"column":null}},"11":{"start":{"line":23,"column":7},"end":{"line":23,"column":null}},"12":{"start":{"line":25,"column":4},"end":{"line":27,"column":null}},"13":{"start":{"line":26,"column":6},"end":{"line":26,"column":null}},"14":{"start":{"line":30,"column":2},"end":{"line":80,"column":null}},"15":{"start":{"line":55,"column":31},"end":{"line":55,"column":null}},"16":{"start":{"line":56,"column":12},"end":{"line":72,"column":null}}},"fnMap":{"0":{"name":"(anonymous_0)","decl":{"start":{"line":10,"column":13},"end":{"line":10,"column":56}},"loc":{"start":{"line":10,"column":71},"end":{"line":82,"column":null}},"line":10},"1":{"name":"(anonymous_1)","decl":{"start":{"line":14,"column":2},"end":{"line":14,"column":12}},"loc":{"start":{"line":14,"column":28},"end":{"line":28,"column":3}},"line":14},"2":{"name":"(anonymous_2)","decl":{"start":{"line":16,"column":6},"end":{"line":16,"column":23}},"loc":{"start":{"line":16,"column":31},"end":{"line":16,"column":52}},"line":16},"3":{"name":"(anonymous_3)","decl":{"start":{"line":19,"column":6},"end":{"line":19,"column":23}},"loc":{"start":{"line":19,"column":31},"end":{"line":19,"column":68}},"line":19},"4":{"name":"(anonymous_4)","decl":{"start":{"line":54,"column":18},"end":{"line":54,"column":23}},"loc":{"start":{"line":54,"column":40},"end":{"line":74,"column":11}},"line":54}},"branchMap":{"0":{"loc":{"start":{"line":15,"column":4},"end":{"line":17,"column":null}},"type":"if","locations":[{"start":{"line":15,"column":4},"end":{"line":17,"column":null}},{"start":{},"end":{}}],"line":15},"1":{"loc":{"start":{"line":18,"column":4},"end":{"line":20,"column":null}},"type":"if","locations":[{"start":{"line":18,"column":4},"end":{"line":20,"column":null}},{"start":{},"end":{}}],"line":18},"2":{"loc":{"start":{"line":21,"column":4},"end":{"line":24,"column":null}},"type":"if","locations":[{"start":{"line":21,"column":4},"end":{"line":24,"column":null}},{"start":{},"end":{}}],"line":21},"3":{"loc":{"start":{"line":25,"column":4},"end":{"line":27,"column":null}},"type":"if","locations":[{"start":{"line":25,"column":4},"end":{"line":27,"column":null}},{"start":{},"end":{}}],"line":25},"4":{"loc":{"start":{"line":25,"column":8},"end":{"line":25,"column":38}},"type":"binary-expr","locations":[{"start":{"line":25,"column":8},"end":{"line":25,"column":22}},{"start":{"line":25,"column":22},"end":{"line":25,"column":38}}],"line":25},"5":{"loc":{"start":{"line":34,"column":7},"end":{"line":37,"column":null}},"type":"binary-expr","locations":[{"start":{"line":34,"column":7},"end":{"line":34,"column":null}},{"start":{"line":35,"column":8},"end":{"line":37,"column":null}}],"line":34},"6":{"loc":{"start":{"line":40,"column":7},"end":{"line":43,"column":null}},"type":"binary-expr","locations":[{"start":{"line":40,"column":7},"end":{"line":40,"column":null}},{"start":{"line":41,"column":8},"end":{"line":43,"column":null}}],"line":40},"7":{"loc":{"start":{"line":46,"column":7},"end":{"line":49,"column":null}},"type":"binary-expr","locations":[{"start":{"line":46,"column":7},"end":{"line":46,"column":19}},{"start":{"line":46,"column":19},"end":{"line":46,"column":29}},{"start":{"line":46,"column":29},"end":{"line":46,"column":null}},{"start":{"line":47,"column":8},"end":{"line":49,"column":null}}],"line":46},"8":{"loc":{"start":{"line":52,"column":7},"end":{"line":78,"column":null}},"type":"binary-expr","locations":[{"start":{"line":52,"column":7},"end":{"line":52,"column":19}},{"start":{"line":52,"column":19},"end":{"line":52,"column":29}},{"start":{"line":52,"column":29},"end":{"line":52,"column":null}},{"start":{"line":53,"column":8},"end":{"line":78,"column":null}}],"line":52},"9":{"loc":{"start":{"line":59,"column":31},"end":{"line":59,"column":null}},"type":"cond-expr","locations":[{"start":{"line":59,"column":44},"end":{"line":59,"column":53}},{"start":{"line":59,"column":53},"end":{"line":59,"column":null}}],"line":59},"10":{"loc":{"start":{"line":60,"column":21},"end":{"line":60,"column":null}},"type":"cond-expr","locations":[{"start":{"line":60,"column":34},"end":{"line":60,"column":41}},{"start":{"line":60,"column":41},"end":{"line":60,"column":null}}],"line":60},"11":{"loc":{"start":{"line":62,"column":31},"end":{"line":62,"column":62}},"type":"cond-expr","locations":[{"start":{"line":62,"column":44},"end":{"line":62,"column":54}},{"start":{"line":62,"column":54},"end":{"line":62,"column":62}}],"line":62},"12":{"loc":{"start":{"line":67,"column":17},"end":{"line":72,"column":null}},"type":"binary-expr","locations":[{"start":{"line":67,"column":17},"end":{"line":67,"column":null}},{"start":{"line":68,"column":18},"end":{"line":72,"column":null}}],"line":67}},"s":{"0":2,"1":7,"2":7,"3":7,"4":4,"5":1,"6":1,"7":4,"8":1,"9":1,"10":4,"11":1,"12":4,"13":1,"14":7,"15":6,"16":6},"f":{"0":7,"1":4,"2":1,"3":1,"4":6},"b":{"0":[1,3],"1":[1,3],"2":[1,3],"3":[1,3],"4":[4,4],"5":[7,1],"6":[7,2],"7":[7,6,4,1],"8":[7,6,4,3],"9":[3,3],"10":[3,3],"11":[3,3],"12":[6,3]},"meta":{"lastBranch":13,"lastFunction":5,"lastStatement":17,"seen":{"s:10:13:82:Infinity":0,"f:10:13:10:56":0,"s:11:27:11:Infinity":1,"s:12:24:12:Infinity":2,"s:14:2:28:Infinity":3,"f:14:2:14:12":1,"b:15:4:17:Infinity:undefined:undefined:undefined:undefined":0,"s:15:4:17:Infinity":4,"s:16:6:16:Infinity":5,"f:16:6:16:23":2,"s:16:31:16:52":6,"b:18:4:20:Infinity:undefined:undefined:undefined:undefined":1,"s:18:4:20:Infinity":7,"s:19:6:19:Infinity":8,"f:19:6:19:23":3,"s:19:31:19:68":9,"b:21:4:24:Infinity:undefined:undefined:undefined:undefined":2,"s:21:4:24:Infinity":10,"s:23:7:23:Infinity":11,"b:25:4:27:Infinity:undefined:undefined:undefined:undefined":3,"s:25:4:27:Infinity":12,"b:25:8:25:22:25:22:25:38":4,"s:26:6:26:Infinity":13,"s:30:2:80:Infinity":14,"b:34:7:34:Infinity:35:8:37:Infinity":5,"b:40:7:40:Infinity:41:8:43:Infinity":6,"b:46:7:46:19:46:19:46:29:46:29:46:Infinity:47:8:49:Infinity":7,"b:52:7:52:19:52:19:52:29:52:29:52:Infinity:53:8:78:Infinity":8,"f:54:18:54:23":4,"s:55:31:55:Infinity":15,"s:56:12:72:Infinity":16,"b:59:44:59:53:59:53:59:Infinity":9,"b:60:34:60:41:60:41:60:Infinity":10,"b:62:44:62:54:62:54:62:62":11,"b:67:17:67:Infinity:68:18:72:Infinity":12}}}
,"/app/src/cli/src/components/MasterMenu.tsx": {"path":"/app/src/cli/src/components/MasterMenu.tsx","statementMap":{"0":{"start":{"line":4,"column":16},"end":{"line":18,"column":null}},"1":{"start":{"line":21,"column":13},"end":{"line":58,"column":null}},"2":{"start":{"line":22,"column":24},"end":{"line":22,"column":null}},"3":{"start":{"line":24,"column":2},"end":{"line":38,"column":null}},"4":{"start":{"line":25,"column":4},"end":{"line":27,"column":null}},"5":{"start":{"line":26,"column":6},"end":{"line":26,"column":null}},"6":{"start":{"line":26,"column":31},"end":{"line":26,"column":52}},"7":{"start":{"line":28,"column":4},"end":{"line":30,"column":null}},"8":{"start":{"line":29,"column":6},"end":{"line":29,"column":null}},"9":{"start":{"line":29,"column":31},"end":{"line":29,"column":69}},"10":{"start":{"line":31,"column":4},"end":{"line":37,"column":null}},"11":{"start":{"line":32,"column":6},"end":{"line":36,"column":null}},"12":{"start":{"line":33,"column":8},"end":{"line":33,"column":null}},"13":{"start":{"line":35,"column":8},"end":{"line":35,"column":null}},"14":{"start":{"line":35,"column":22},"end":{"line":35,"column":null}},"15":{"start":{"line":40,"column":2},"end":{"line":56,"column":null}},"16":{"start":{"line":44,"column":27},"end":{"line":44,"column":null}},"17":{"start":{"line":45,"column":8},"end":{"line":53,"column":null}}},"fnMap":{"0":{"name":"(anonymous_0)","decl":{"start":{"line":21,"column":13},"end":{"line":21,"column":54}},"loc":{"start":{"line":21,"column":71},"end":{"line":58,"column":null}},"line":21},"1":{"name":"(anonymous_1)","decl":{"start":{"line":24,"column":2},"end":{"line":24,"column":12}},"loc":{"start":{"line":24,"column":27},"end":{"line":38,"column":3}},"line":24},"2":{"name":"(anonymous_2)","decl":{"start":{"line":26,"column":6},"end":{"line":26,"column":23}},"loc":{"start":{"line":26,"column":31},"end":{"line":26,"column":52}},"line":26},"3":{"name":"(anonymous_3)","decl":{"start":{"line":29,"column":6},"end":{"line":29,"column":23}},"loc":{"start":{"line":29,"column":31},"end":{"line":29,"column":69}},"line":29},"4":{"name":"(anonymous_4)","decl":{"start":{"line":43,"column":15},"end":{"line":43,"column":20}},"loc":{"start":{"line":43,"column":38},"end":{"line":55,"column":7}},"line":43}},"branchMap":{"0":{"loc":{"start":{"line":25,"column":4},"end":{"line":27,"column":null}},"type":"if","locations":[{"start":{"line":25,"column":4},"end":{"line":27,"column":null}},{"start":{},"end":{}}],"line":25},"1":{"loc":{"start":{"line":28,"column":4},"end":{"line":30,"column":null}},"type":"if","locations":[{"start":{"line":28,"column":4},"end":{"line":30,"column":null}},{"start":{},"end":{}}],"line":28},"2":{"loc":{"start":{"line":31,"column":4},"end":{"line":37,"column":null}},"type":"if","locations":[{"start":{"line":31,"column":4},"end":{"line":37,"column":null}},{"start":{},"end":{}}],"line":31},"3":{"loc":{"start":{"line":32,"column":6},"end":{"line":36,"column":null}},"type":"if","locations":[{"start":{"line":32,"column":6},"end":{"line":36,"column":null}},{"start":{"line":34,"column":13},"end":{"line":36,"column":null}}],"line":32},"4":{"loc":{"start":{"line":35,"column":8},"end":{"line":35,"column":null}},"type":"if","locations":[{"start":{"line":35,"column":8},"end":{"line":35,"column":null}},{"start":{},"end":{}}],"line":35},"5":{"loc":{"start":{"line":47,"column":25},"end":{"line":47,"column":null}},"type":"cond-expr","locations":[{"start":{"line":47,"column":38},"end":{"line":47,"column":47}},{"start":{"line":47,"column":47},"end":{"line":47,"column":null}}],"line":47},"6":{"loc":{"start":{"line":48,"column":15},"end":{"line":48,"column":null}},"type":"cond-expr","locations":[{"start":{"line":48,"column":28},"end":{"line":48,"column":35}},{"start":{"line":48,"column":35},"end":{"line":48,"column":null}}],"line":48},"7":{"loc":{"start":{"line":50,"column":25},"end":{"line":50,"column":null}},"type":"cond-expr","locations":[{"start":{"line":50,"column":38},"end":{"line":50,"column":48}},{"start":{"line":50,"column":48},"end":{"line":50,"column":null}}],"line":50},"8":{"loc":{"start":{"line":51,"column":15},"end":{"line":51,"column":69}},"type":"cond-expr","locations":[{"start":{"line":51,"column":46},"end":{"line":51,"column":53}},{"start":{"line":51,"column":53},"end":{"line":51,"column":69}}],"line":51}},"s":{"0":2,"1":2,"2":51,"3":51,"4":46,"5":1,"6":1,"7":46,"8":36,"9":36,"10":46,"11":6,"12":1,"13":5,"14":5,"15":51,"16":663,"17":663},"f":{"0":51,"1":46,"2":1,"3":36,"4":663},"b":{"0":[1,45],"1":[36,10],"2":[6,40],"3":[1,5],"4":[5,0],"5":[51,612],"6":[51,612],"7":[51,612],"8":[51,612]},"meta":{"lastBranch":9,"lastFunction":5,"lastStatement":18,"seen":{"s:4:16:18:Infinity":0,"s:21:13:58:Infinity":1,"f:21:13:21:54":0,"s:22:24:22:Infinity":2,"s:24:2:38:Infinity":3,"f:24:2:24:12":1,"b:25:4:27:Infinity:undefined:undefined:undefined:undefined":0,"s:25:4:27:Infinity":4,"s:26:6:26:Infinity":5,"f:26:6:26:23":2,"s:26:31:26:52":6,"b:28:4:30:Infinity:undefined:undefined:undefined:undefined":1,"s:28:4:30:Infinity":7,"s:29:6:29:Infinity":8,"f:29:6:29:23":3,"s:29:31:29:69":9,"b:31:4:37:Infinity:undefined:undefined:undefined:undefined":2,"s:31:4:37:Infinity":10,"b:32:6:36:Infinity:34:13:36:Infinity":3,"s:32:6:36:Infinity":11,"s:33:8:33:Infinity":12,"b:35:8:35:Infinity:undefined:undefined:undefined:undefined":4,"s:35:8:35:Infinity":13,"s:35:22:35:Infinity":14,"s:40:2:56:Infinity":15,"f:43:15:43:20":4,"s:44:27:44:Infinity":16,"s:45:8:53:Infinity":17,"b:47:38:47:47:47:47:47:Infinity":5,"b:48:28:48:35:48:35:48:Infinity":6,"b:50:38:50:48:50:48:50:Infinity":7,"b:51:46:51:53:51:53:51:69":8}}}
,"/app/src/cli/src/components/PromptInput.tsx": {"path":"/app/src/cli/src/components/PromptInput.tsx","statementMap":{"0":{"start":{"line":10,"column":13},"end":{"line":28,"column":null}},"1":{"start":{"line":11,"column":16},"end":{"line":11,"column":null}},"2":{"start":{"line":13,"column":2},"end":{"line":26,"column":null}},"3":{"start":{"line":22,"column":10},"end":{"line":22,"column":null}},"4":{"start":{"line":23,"column":10},"end":{"line":23,"column":null}}},"fnMap":{"0":{"name":"(anonymous_0)","decl":{"start":{"line":10,"column":13},"end":{"line":10,"column":56}},"loc":{"start":{"line":10,"column":91},"end":{"line":28,"column":null}},"line":10},"1":{"name":"(anonymous_1)","decl":{"start":{"line":21,"column":8},"end":{"line":21,"column":19}},"loc":{"start":{"line":21,"column":27},"end":{"line":24,"column":null}},"line":21}},"branchMap":{"0":{"loc":{"start":{"line":10,"column":68},"end":{"line":10,"column":91}},"type":"default-arg","locations":[{"start":{"line":10,"column":81},"end":{"line":10,"column":91}}],"line":10}},"s":{"0":2,"1":17,"2":17,"3":5,"4":5},"f":{"0":17,"1":5},"b":{"0":[17]},"meta":{"lastBranch":1,"lastFunction":2,"lastStatement":5,"seen":{"s:10:13:28:Infinity":0,"f:10:13:10:56":0,"b:10:81:10:91":0,"s:11:16:11:Infinity":1,"s:13:2:26:Infinity":2,"f:21:8:21:19":1,"s:22:10:22:Infinity":3,"s:23:10:23:Infinity":4}}}
,"/app/src/cli/src/components/ToolProgress.tsx": {"path":"/app/src/cli/src/components/ToolProgress.tsx","statementMap":{"0":{"start":{"line":13,"column":13},"end":{"line":45,"column":null}},"1":{"start":{"line":14,"column":2},"end":{"line":43,"column":null}},"2":{"start":{"line":20,"column":19},"end":{"line":20,"column":null}},"3":{"start":{"line":21,"column":20},"end":{"line":21,"column":null}},"4":{"start":{"line":22,"column":20},"end":{"line":22,"column":null}},"5":{"start":{"line":24,"column":8},"end":{"line":34,"column":null}},"6":{"start":{"line":25,"column":10},"end":{"line":25,"column":null}},"7":{"start":{"line":26,"column":10},"end":{"line":26,"column":null}},"8":{"start":{"line":27,"column":15},"end":{"line":34,"column":null}},"9":{"start":{"line":28,"column":10},"end":{"line":28,"column":null}},"10":{"start":{"line":29,"column":10},"end":{"line":29,"column":null}},"11":{"start":{"line":31,"column":10},"end":{"line":31,"column":null}},"12":{"start":{"line":32,"column":10},"end":{"line":32,"column":null}},"13":{"start":{"line":33,"column":10},"end":{"line":33,"column":null}},"14":{"start":{"line":36,"column":8},"end":{"line":40,"column":null}}},"fnMap":{"0":{"name":"(anonymous_0)","decl":{"start":{"line":13,"column":13},"end":{"line":13,"column":58}},"loc":{"start":{"line":13,"column":72},"end":{"line":45,"column":null}},"line":13},"1":{"name":"(anonymous_1)","decl":{"start":{"line":19,"column":13},"end":{"line":19,"column":18}},"loc":{"start":{"line":19,"column":34},"end":{"line":42,"column":7}},"line":19}},"branchMap":{"0":{"loc":{"start":{"line":24,"column":8},"end":{"line":34,"column":null}},"type":"if","locations":[{"start":{"line":24,"column":8},"end":{"line":34,"column":null}},{"start":{"line":27,"column":15},"end":{"line":34,"column":null}}],"line":24},"1":{"loc":{"start":{"line":27,"column":15},"end":{"line":34,"column":null}},"type":"if","locations":[{"start":{"line":27,"column":15},"end":{"line":34,"column":null}},{"start":{"line":30,"column":15},"end":{"line":34,"column":null}}],"line":27}},"s":{"0":2,"1":10,"2":3,"3":3,"4":3,"5":3,"6":1,"7":1,"8":2,"9":1,"10":1,"11":1,"12":1,"13":1,"14":3},"f":{"0":10,"1":3},"b":{"0":[1,2],"1":[1,1]},"meta":{"lastBranch":2,"lastFunction":2,"lastStatement":15,"seen":{"s:13:13:45:Infinity":0,"f:13:13:13:58":0,"s:14:2:43:Infinity":1,"f:19:13:19:18":1,"s:20:19:20:Infinity":2,"s:21:20:21:Infinity":3,"s:22:20:22:Infinity":4,"b:24:8:34:Infinity:27:15:34:Infinity":0,"s:24:8:34:Infinity":5,"s:25:10:25:Infinity":6,"s:26:10:26:Infinity":7,"b:27:15:34:Infinity:30:15:34:Infinity":1,"s:27:15:34:Infinity":8,"s:28:10:28:Infinity":9,"s:29:10:29:Infinity":10,"s:31:10:31:Infinity":11,"s:32:10:32:Infinity":12,"s:33:10:33:Infinity":13,"s:36:8:40:Infinity":14}}}
,"/app/src/cli/src/components/VisualWorkflowBuilder.tsx": {"path":"/app/src/cli/src/components/VisualWorkflowBuilder.tsx","statementMap":{"0":{"start":{"line":11,"column":13},"end":{"line":135,"column":null}},"1":{"start":{"line":12,"column":16},"end":{"line":12,"column":null}},"2":{"start":{"line":13,"column":28},"end":{"line":13,"column":null}},"3":{"start":{"line":14,"column":15},"end":{"line":14,"column":null}},"4":{"start":{"line":16,"column":33},"end":{"line":16,"column":null}},"5":{"start":{"line":18,"column":2},"end":{"line":79,"column":null}},"6":{"start":{"line":19,"column":4},"end":{"line":19,"column":null}},"7":{"start":{"line":19,"column":30},"end":{"line":19,"column":null}},"8":{"start":{"line":21,"column":4},"end":{"line":78,"column":null}},"9":{"start":{"line":22,"column":6},"end":{"line":25,"column":null}},"10":{"start":{"line":23,"column":8},"end":{"line":23,"column":null}},"11":{"start":{"line":24,"column":8},"end":{"line":24,"column":null}},"12":{"start":{"line":27,"column":6},"end":{"line":58,"column":null}},"13":{"start":{"line":28,"column":8},"end":{"line":28,"column":null}},"14":{"start":{"line":29,"column":13},"end":{"line":58,"column":null}},"15":{"start":{"line":31,"column":27},"end":{"line":35,"column":null}},"16":{"start":{"line":32,"column":12},"end":{"line":32,"column":null}},"17":{"start":{"line":32,"column":36},"end":{"line":32,"column":null}},"18":{"start":{"line":33,"column":12},"end":{"line":33,"column":null}},"19":{"start":{"line":33,"column":34},"end":{"line":33,"column":null}},"20":{"start":{"line":34,"column":12},"end":{"line":34,"column":null}},"21":{"start":{"line":37,"column":22},"end":{"line":37,"column":null}},"22":{"start":{"line":38,"column":8},"end":{"line":40,"column":null}},"23":{"start":{"line":38,"column":21},"end":{"line":38,"column":24}},"24":{"start":{"line":39,"column":12},"end":{"line":39,"column":null}},"25":{"start":{"line":42,"column":8},"end":{"line":42,"column":null}},"26":{"start":{"line":43,"column":13},"end":{"line":58,"column":null}},"27":{"start":{"line":44,"column":8},"end":{"line":46,"column":null}},"28":{"start":{"line":45,"column":10},"end":{"line":45,"column":null}},"29":{"start":{"line":47,"column":13},"end":{"line":58,"column":null}},"30":{"start":{"line":48,"column":8},"end":{"line":50,"column":null}},"31":{"start":{"line":49,"column":10},"end":{"line":49,"column":null}},"32":{"start":{"line":51,"column":13},"end":{"line":58,"column":null}},"33":{"start":{"line":52,"column":8},"end":{"line":57,"column":null}},"34":{"start":{"line":53,"column":27},"end":{"line":53,"column":null}},"35":{"start":{"line":54,"column":10},"end":{"line":54,"column":null}},"36":{"start":{"line":55,"column":10},"end":{"line":55,"column":null}},"37":{"start":{"line":56,"column":10},"end":{"line":56,"column":null}},"38":{"start":{"line":59,"column":11},"end":{"line":78,"column":null}},"39":{"start":{"line":60,"column":6},"end":{"line":63,"column":null}},"40":{"start":{"line":61,"column":8},"end":{"line":61,"column":null}},"41":{"start":{"line":62,"column":8},"end":{"line":62,"column":null}},"42":{"start":{"line":65,"column":6},"end":{"line":77,"column":null}},"43":{"start":{"line":66,"column":8},"end":{"line":66,"column":null}},"44":{"start":{"line":67,"column":8},"end":{"line":67,"column":null}},"45":{"start":{"line":68,"column":8},"end":{"line":68,"column":null}},"46":{"start":{"line":69,"column":13},"end":{"line":77,"column":null}},"47":{"start":{"line":70,"column":8},"end":{"line":70,"column":null}},"48":{"start":{"line":71,"column":8},"end":{"line":71,"column":null}},"49":{"start":{"line":72,"column":8},"end":{"line":72,"column":null}},"50":{"start":{"line":73,"column":13},"end":{"line":77,"column":null}},"51":{"start":{"line":74,"column":8},"end":{"line":74,"column":null}},"52":{"start":{"line":75,"column":8},"end":{"line":75,"column":null}},"53":{"start":{"line":76,"column":8},"end":{"line":76,"column":null}},"54":{"start":{"line":81,"column":2},"end":{"line":133,"column":null}},"55":{"start":{"line":112,"column":16},"end":{"line":117,"column":null}}},"fnMap":{"0":{"name":"(anonymous_0)","decl":{"start":{"line":11,"column":13},"end":{"line":11,"column":76}},"loc":{"start":{"line":11,"column":91},"end":{"line":135,"column":null}},"line":11},"1":{"name":"(anonymous_1)","decl":{"start":{"line":18,"column":2},"end":{"line":18,"column":12}},"loc":{"start":{"line":18,"column":27},"end":{"line":79,"column":3}},"line":18},"2":{"name":"(anonymous_2)","decl":{"start":{"line":31,"column":33},"end":{"line":31,"column":37}},"loc":{"start":{"line":31,"column":42},"end":{"line":35,"column":9}},"line":31},"3":{"name":"(anonymous_3)","decl":{"start":{"line":111,"column":20},"end":{"line":111,"column":25}},"loc":{"start":{"line":112,"column":16},"end":{"line":117,"column":null}},"line":112}},"branchMap":{"0":{"loc":{"start":{"line":19,"column":4},"end":{"line":19,"column":null}},"type":"if","locations":[{"start":{"line":19,"column":4},"end":{"line":19,"column":null}},{"start":{},"end":{}}],"line":19},"1":{"loc":{"start":{"line":21,"column":4},"end":{"line":78,"column":null}},"type":"if","locations":[{"start":{"line":21,"column":4},"end":{"line":78,"column":null}},{"start":{"line":59,"column":11},"end":{"line":78,"column":null}}],"line":21},"2":{"loc":{"start":{"line":22,"column":6},"end":{"line":25,"column":null}},"type":"if","locations":[{"start":{"line":22,"column":6},"end":{"line":25,"column":null}},{"start":{},"end":{}}],"line":22},"3":{"loc":{"start":{"line":27,"column":6},"end":{"line":58,"column":null}},"type":"if","locations":[{"start":{"line":27,"column":6},"end":{"line":58,"column":null}},{"start":{"line":29,"column":13},"end":{"line":58,"column":null}}],"line":27},"4":{"loc":{"start":{"line":29,"column":13},"end":{"line":58,"column":null}},"type":"if","locations":[{"start":{"line":29,"column":13},"end":{"line":58,"column":null}},{"start":{"line":43,"column":13},"end":{"line":58,"column":null}}],"line":29},"5":{"loc":{"start":{"line":32,"column":12},"end":{"line":32,"column":null}},"type":"if","locations":[{"start":{"line":32,"column":12},"end":{"line":32,"column":null}},{"start":{},"end":{}}],"line":32},"6":{"loc":{"start":{"line":33,"column":12},"end":{"line":33,"column":null}},"type":"if","locations":[{"start":{"line":33,"column":12},"end":{"line":33,"column":null}},{"start":{},"end":{}}],"line":33},"7":{"loc":{"start":{"line":43,"column":13},"end":{"line":58,"column":null}},"type":"if","locations":[{"start":{"line":43,"column":13},"end":{"line":58,"column":null}},{"start":{"line":47,"column":13},"end":{"line":58,"column":null}}],"line":43},"8":{"loc":{"start":{"line":43,"column":17},"end":{"line":43,"column":47}},"type":"binary-expr","locations":[{"start":{"line":43,"column":17},"end":{"line":43,"column":32}},{"start":{"line":43,"column":32},"end":{"line":43,"column":47}}],"line":43},"9":{"loc":{"start":{"line":44,"column":8},"end":{"line":46,"column":null}},"type":"if","locations":[{"start":{"line":44,"column":8},"end":{"line":46,"column":null}},{"start":{},"end":{}}],"line":44},"10":{"loc":{"start":{"line":47,"column":13},"end":{"line":58,"column":null}},"type":"if","locations":[{"start":{"line":47,"column":13},"end":{"line":58,"column":null}},{"start":{"line":51,"column":13},"end":{"line":58,"column":null}}],"line":47},"11":{"loc":{"start":{"line":47,"column":17},"end":{"line":47,"column":49}},"type":"binary-expr","locations":[{"start":{"line":47,"column":17},"end":{"line":47,"column":34}},{"start":{"line":47,"column":34},"end":{"line":47,"column":49}}],"line":47},"12":{"loc":{"start":{"line":48,"column":8},"end":{"line":50,"column":null}},"type":"if","locations":[{"start":{"line":48,"column":8},"end":{"line":50,"column":null}},{"start":{},"end":{}}],"line":48},"13":{"loc":{"start":{"line":51,"column":13},"end":{"line":58,"column":null}},"type":"if","locations":[{"start":{"line":51,"column":13},"end":{"line":58,"column":null}},{"start":{},"end":{}}],"line":51},"14":{"loc":{"start":{"line":52,"column":8},"end":{"line":57,"column":null}},"type":"if","locations":[{"start":{"line":52,"column":8},"end":{"line":57,"column":null}},{"start":{},"end":{}}],"line":52},"15":{"loc":{"start":{"line":59,"column":11},"end":{"line":78,"column":null}},"type":"if","locations":[{"start":{"line":59,"column":11},"end":{"line":78,"column":null}},{"start":{},"end":{}}],"line":59},"16":{"loc":{"start":{"line":60,"column":6},"end":{"line":63,"column":null}},"type":"if","locations":[{"start":{"line":60,"column":6},"end":{"line":63,"column":null}},{"start":{},"end":{}}],"line":60},"17":{"loc":{"start":{"line":65,"column":6},"end":{"line":77,"column":null}},"type":"if","locations":[{"start":{"line":65,"column":6},"end":{"line":77,"column":null}},{"start":{"line":69,"column":13},"end":{"line":77,"column":null}}],"line":65},"18":{"loc":{"start":{"line":69,"column":13},"end":{"line":77,"column":null}},"type":"if","locations":[{"start":{"line":69,"column":13},"end":{"line":77,"column":null}},{"start":{"line":73,"column":13},"end":{"line":77,"column":null}}],"line":69},"19":{"loc":{"start":{"line":73,"column":13},"end":{"line":77,"column":null}},"type":"if","locations":[{"start":{"line":73,"column":13},"end":{"line":77,"column":null}},{"start":{},"end":{}}],"line":73},"20":{"loc":{"start":{"line":85,"column":7},"end":{"line":88,"column":null}},"type":"binary-expr","locations":[{"start":{"line":85,"column":7},"end":{"line":85,"column":null}},{"start":{"line":86,"column":9},"end":{"line":88,"column":null}}],"line":85},"21":{"loc":{"start":{"line":91,"column":7},"end":{"line":94,"column":null}},"type":"binary-expr","locations":[{"start":{"line":91,"column":7},"end":{"line":91,"column":29}},{"start":{"line":91,"column":29},"end":{"line":91,"column":null}},{"start":{"line":92,"column":9},"end":{"line":94,"column":null}}],"line":91},"22":{"loc":{"start":{"line":97,"column":7},"end":{"line":101,"column":null}},"type":"binary-expr","locations":[{"start":{"line":97,"column":7},"end":{"line":97,"column":32}},{"start":{"line":97,"column":32},"end":{"line":97,"column":null}},{"start":{"line":98,"column":9},"end":{"line":101,"column":null}}],"line":97},"23":{"loc":{"start":{"line":104,"column":7},"end":{"line":121,"column":null}},"type":"binary-expr","locations":[{"start":{"line":104,"column":7},"end":{"line":104,"column":26}},{"start":{"line":104,"column":26},"end":{"line":104,"column":null}},{"start":{"line":105,"column":8},"end":{"line":121,"column":null}}],"line":104},"24":{"loc":{"start":{"line":108,"column":13},"end":{"line":118,"column":null}},"type":"cond-expr","locations":[{"start":{"line":109,"column":14},"end":{"line":111,"column":20}},{"start":{"line":111,"column":14},"end":{"line":118,"column":null}}],"line":108},"25":{"loc":{"start":{"line":113,"column":31},"end":{"line":113,"column":null}},"type":"cond-expr","locations":[{"start":{"line":113,"column":61},"end":{"line":113,"column":71}},{"start":{"line":113,"column":71},"end":{"line":113,"column":null}}],"line":113},"26":{"loc":{"start":{"line":114,"column":21},"end":{"line":114,"column":63}},"type":"cond-expr","locations":[{"start":{"line":114,"column":51},"end":{"line":114,"column":58}},{"start":{"line":114,"column":58},"end":{"line":114,"column":63}}],"line":114},"27":{"loc":{"start":{"line":124,"column":7},"end":{"line":131,"column":null}},"type":"binary-expr","locations":[{"start":{"line":124,"column":7},"end":{"line":124,"column":25}},{"start":{"line":124,"column":25},"end":{"line":124,"column":null}},{"start":{"line":125,"column":8},"end":{"line":131,"column":null}}],"line":124}},"s":{"0":2,"1":32,"2":32,"3":32,"4":32,"5":32,"6":25,"7":1,"8":24,"9":15,"10":1,"11":1,"12":14,"13":9,"14":5,"15":1,"16":3,"17":1,"18":2,"19":2,"20":1,"21":1,"22":1,"23":1,"24":2,"25":1,"26":4,"27":1,"28":1,"29":3,"30":1,"31":1,"32":2,"33":2,"34":2,"35":2,"36":2,"37":2,"38":9,"39":9,"40":1,"41":1,"42":8,"43":3,"44":3,"45":3,"46":5,"47":3,"48":3,"49":3,"50":2,"51":2,"52":2,"53":2,"54":32,"55":20},"f":{"0":32,"1":25,"2":3,"3":20},"b":{"0":[1,24],"1":[15,9],"2":[1,14],"3":[9,5],"4":[1,4],"5":[1,2],"6":[1,1],"7":[1,3],"8":[4,4],"9":[1,0],"10":[1,2],"11":[3,3],"12":[1,0],"13":[2,0],"14":[2,0],"15":[9,0],"16":[1,8],"17":[3,5],"18":[3,2],"19":[2,0],"20":[32,1],"21":[32,1,1],"22":[32,1,1],"23":[32,23,22],"24":[11,11],"25":[11,9],"26":[11,9],"27":[32,9,9]},"meta":{"lastBranch":28,"lastFunction":4,"lastStatement":56,"seen":{"s:11:13:135:Infinity":0,"f:11:13:11:76":0,"s:12:16:12:Infinity":1,"s:13:28:13:Infinity":2,"s:14:15:14:Infinity":3,"s:16:33:16:Infinity":4,"s:18:2:79:Infinity":5,"f:18:2:18:12":1,"b:19:4:19:Infinity:undefined:undefined:undefined:undefined":0,"s:19:4:19:Infinity":6,"s:19:30:19:Infinity":7,"b:21:4:78:Infinity:59:11:78:Infinity":1,"s:21:4:78:Infinity":8,"b:22:6:25:Infinity:undefined:undefined:undefined:undefined":2,"s:22:6:25:Infinity":9,"s:23:8:23:Infinity":10,"s:24:8:24:Infinity":11,"b:27:6:58:Infinity:29:13:58:Infinity":3,"s:27:6:58:Infinity":12,"s:28:8:28:Infinity":13,"b:29:13:58:Infinity:43:13:58:Infinity":4,"s:29:13:58:Infinity":14,"s:31:27:35:Infinity":15,"f:31:33:31:37":2,"b:32:12:32:Infinity:undefined:undefined:undefined:undefined":5,"s:32:12:32:Infinity":16,"s:32:36:32:Infinity":17,"b:33:12:33:Infinity:undefined:undefined:undefined:undefined":6,"s:33:12:33:Infinity":18,"s:33:34:33:Infinity":19,"s:34:12:34:Infinity":20,"s:37:22:37:Infinity":21,"s:38:8:40:Infinity":22,"s:38:21:38:24":23,"s:39:12:39:Infinity":24,"s:42:8:42:Infinity":25,"b:43:13:58:Infinity:47:13:58:Infinity":7,"s:43:13:58:Infinity":26,"b:43:17:43:32:43:32:43:47":8,"b:44:8:46:Infinity:undefined:undefined:undefined:undefined":9,"s:44:8:46:Infinity":27,"s:45:10:45:Infinity":28,"b:47:13:58:Infinity:51:13:58:Infinity":10,"s:47:13:58:Infinity":29,"b:47:17:47:34:47:34:47:49":11,"b:48:8:50:Infinity:undefined:undefined:undefined:undefined":12,"s:48:8:50:Infinity":30,"s:49:10:49:Infinity":31,"b:51:13:58:Infinity:undefined:undefined:undefined:undefined":13,"s:51:13:58:Infinity":32,"b:52:8:57:Infinity:undefined:undefined:undefined:undefined":14,"s:52:8:57:Infinity":33,"s:53:27:53:Infinity":34,"s:54:10:54:Infinity":35,"s:55:10:55:Infinity":36,"s:56:10:56:Infinity":37,"b:59:11:78:Infinity:undefined:undefined:undefined:undefined":15,"s:59:11:78:Infinity":38,"b:60:6:63:Infinity:undefined:undefined:undefined:undefined":16,"s:60:6:63:Infinity":39,"s:61:8:61:Infinity":40,"s:62:8:62:Infinity":41,"b:65:6:77:Infinity:69:13:77:Infinity":17,"s:65:6:77:Infinity":42,"s:66:8:66:Infinity":43,"s:67:8:67:Infinity":44,"s:68:8:68:Infinity":45,"b:69:13:77:Infinity:73:13:77:Infinity":18,"s:69:13:77:Infinity":46,"s:70:8:70:Infinity":47,"s:71:8:71:Infinity":48,"s:72:8:72:Infinity":49,"b:73:13:77:Infinity:undefined:undefined:undefined:undefined":19,"s:73:13:77:Infinity":50,"s:74:8:74:Infinity":51,"s:75:8:75:Infinity":52,"s:76:8:76:Infinity":53,"s:81:2:133:Infinity":54,"b:85:7:85:Infinity:86:9:88:Infinity":20,"b:91:7:91:29:91:29:91:Infinity:92:9:94:Infinity":21,"b:97:7:97:32:97:32:97:Infinity:98:9:101:Infinity":22,"b:104:7:104:26:104:26:104:Infinity:105:8:121:Infinity":23,"b:109:14:111:20:111:14:118:Infinity":24,"f:111:20:111:25":3,"s:112:16:117:Infinity":55,"b:113:61:113:71:113:71:113:Infinity":25,"b:114:51:114:58:114:58:114:63":26,"b:124:7:124:25:124:25:124:Infinity:125:8:131:Infinity":27}}}
,"/app/src/cli/src/hooks/useMarketplace.ts": {"path":"/app/src/cli/src/hooks/useMarketplace.ts","statementMap":{"0":{"start":{"line":11,"column":13},"end":{"line":59,"column":null}},"1":{"start":{"line":12,"column":17},"end":{"line":12,"column":null}},"2":{"start":{"line":13,"column":18},"end":{"line":13,"column":null}},"3":{"start":{"line":14,"column":16},"end":{"line":14,"column":null}},"4":{"start":{"line":16,"column":22},"end":{"line":52,"column":null}},"5":{"start":{"line":17,"column":4},"end":{"line":17,"column":null}},"6":{"start":{"line":18,"column":4},"end":{"line":18,"column":null}},"7":{"start":{"line":20,"column":21},"end":{"line":20,"column":null}},"8":{"start":{"line":22,"column":4},"end":{"line":51,"column":null}},"9":{"start":{"line":23,"column":23},"end":{"line":34,"column":null}},"10":{"start":{"line":36,"column":6},"end":{"line":38,"column":null}},"11":{"start":{"line":37,"column":8},"end":{"line":37,"column":null}},"12":{"start":{"line":40,"column":19},"end":{"line":40,"column":null}},"13":{"start":{"line":42,"column":6},"end":{"line":44,"column":null}},"14":{"start":{"line":43,"column":8},"end":{"line":43,"column":null}},"15":{"start":{"line":46,"column":6},"end":{"line":46,"column":null}},"16":{"start":{"line":48,"column":6},"end":{"line":48,"column":null}},"17":{"start":{"line":50,"column":6},"end":{"line":50,"column":null}},"18":{"start":{"line":54,"column":2},"end":{"line":56,"column":null}},"19":{"start":{"line":55,"column":4},"end":{"line":55,"column":null}},"20":{"start":{"line":58,"column":2},"end":{"line":58,"column":null}}},"fnMap":{"0":{"name":"(anonymous_0)","decl":{"start":{"line":11,"column":13},"end":{"line":11,"column":36}},"loc":{"start":{"line":11,"column":36},"end":{"line":59,"column":null}},"line":11},"1":{"name":"(anonymous_1)","decl":{"start":{"line":16,"column":22},"end":{"line":16,"column":29}},"loc":{"start":{"line":16,"column":52},"end":{"line":52,"column":null}},"line":16},"2":{"name":"(anonymous_2)","decl":{"start":{"line":54,"column":2},"end":{"line":54,"column":18}},"loc":{"start":{"line":54,"column":18},"end":{"line":56,"column":5}},"line":54}},"branchMap":{"0":{"loc":{"start":{"line":16,"column":29},"end":{"line":16,"column":52}},"type":"default-arg","locations":[{"start":{"line":16,"column":45},"end":{"line":16,"column":52}}],"line":16},"1":{"loc":{"start":{"line":20,"column":21},"end":{"line":20,"column":null}},"type":"binary-expr","locations":[{"start":{"line":20,"column":21},"end":{"line":20,"column":50}},{"start":{"line":20,"column":50},"end":{"line":20,"column":null}}],"line":20},"2":{"loc":{"start":{"line":36,"column":6},"end":{"line":38,"column":null}},"type":"if","locations":[{"start":{"line":36,"column":6},"end":{"line":38,"column":null}},{"start":{},"end":{}}],"line":36},"3":{"loc":{"start":{"line":42,"column":6},"end":{"line":44,"column":null}},"type":"if","locations":[{"start":{"line":42,"column":6},"end":{"line":44,"column":null}},{"start":{},"end":{}}],"line":42},"4":{"loc":{"start":{"line":43,"column":24},"end":{"line":43,"column":62}},"type":"binary-expr","locations":[{"start":{"line":43,"column":24},"end":{"line":43,"column":46}},{"start":{"line":43,"column":46},"end":{"line":43,"column":62}}],"line":43},"5":{"loc":{"start":{"line":46,"column":16},"end":{"line":46,"column":33}},"type":"binary-expr","locations":[{"start":{"line":46,"column":16},"end":{"line":46,"column":31}},{"start":{"line":46,"column":31},"end":{"line":46,"column":33}}],"line":46},"6":{"loc":{"start":{"line":48,"column":15},"end":{"line":48,"column":67}},"type":"binary-expr","locations":[{"start":{"line":48,"column":15},"end":{"line":48,"column":30}},{"start":{"line":48,"column":30},"end":{"line":48,"column":67}}],"line":48}},"s":{"0":3,"1":20,"2":20,"3":20,"4":20,"5":7,"6":7,"7":7,"8":7,"9":7,"10":5,"11":1,"12":4,"13":4,"14":2,"15":2,"16":5,"17":7,"18":20,"19":7,"20":20},"f":{"0":20,"1":7,"2":7},"b":{"0":[7],"1":[7,7],"2":[1,4],"3":[2,2],"4":[2,1],"5":[2,1],"6":[5,1]},"meta":{"lastBranch":7,"lastFunction":3,"lastStatement":21,"seen":{"s:11:13:59:Infinity":0,"f:11:13:11:36":0,"s:12:17:12:Infinity":1,"s:13:18:13:Infinity":2,"s:14:16:14:Infinity":3,"s:16:22:52:Infinity":4,"f:16:22:16:29":1,"b:16:45:16:52":0,"s:17:4:17:Infinity":5,"s:18:4:18:Infinity":6,"s:20:21:20:Infinity":7,"b:20:21:20:50:20:50:20:Infinity":1,"s:22:4:51:Infinity":8,"s:23:23:34:Infinity":9,"b:36:6:38:Infinity:undefined:undefined:undefined:undefined":2,"s:36:6:38:Infinity":10,"s:37:8:37:Infinity":11,"s:40:19:40:Infinity":12,"b:42:6:44:Infinity:undefined:undefined:undefined:undefined":3,"s:42:6:44:Infinity":13,"s:43:8:43:Infinity":14,"b:43:24:43:46:43:46:43:62":4,"s:46:6:46:Infinity":15,"b:46:16:46:31:46:31:46:33":5,"s:48:6:48:Infinity":16,"b:48:15:48:30:48:30:48:67":6,"s:50:6:50:Infinity":17,"s:54:2:56:Infinity":18,"f:54:2:54:18":2,"s:55:4:55:Infinity":19,"s:58:2:58:Infinity":20}}}
,"/app/src/cli/src/hooks/useOrchestrator.ts": {"path":"/app/src/cli/src/hooks/useOrchestrator.ts","statementMap":{"0":{"start":{"line":12,"column":13},"end":{"line":58,"column":null}},"1":{"start":{"line":13,"column":17},"end":{"line":13,"column":null}},"2":{"start":{"line":14,"column":16},"end":{"line":14,"column":null}},"3":{"start":{"line":15,"column":16},"end":{"line":15,"column":null}},"4":{"start":{"line":16,"column":17},"end":{"line":16,"column":null}},"5":{"start":{"line":18,"column":19},"end":{"line":55,"column":null}},"6":{"start":{"line":19,"column":4},"end":{"line":19,"column":null}},"7":{"start":{"line":20,"column":4},"end":{"line":20,"column":null}},"8":{"start":{"line":21,"column":4},"end":{"line":21,"column":null}},"9":{"start":{"line":23,"column":21},"end":{"line":23,"column":null}},"10":{"start":{"line":25,"column":4},"end":{"line":54,"column":null}},"11":{"start":{"line":26,"column":23},"end":{"line":37,"column":null}},"12":{"start":{"line":39,"column":6},"end":{"line":41,"column":null}},"13":{"start":{"line":40,"column":8},"end":{"line":40,"column":null}},"14":{"start":{"line":43,"column":19},"end":{"line":43,"column":null}},"15":{"start":{"line":45,"column":6},"end":{"line":47,"column":null}},"16":{"start":{"line":46,"column":8},"end":{"line":46,"column":null}},"17":{"start":{"line":49,"column":6},"end":{"line":49,"column":null}},"18":{"start":{"line":50,"column":6},"end":{"line":50,"column":null}},"19":{"start":{"line":52,"column":6},"end":{"line":52,"column":null}},"20":{"start":{"line":53,"column":6},"end":{"line":53,"column":null}},"21":{"start":{"line":57,"column":2},"end":{"line":57,"column":null}}},"fnMap":{"0":{"name":"(anonymous_0)","decl":{"start":{"line":12,"column":13},"end":{"line":12,"column":56}},"loc":{"start":{"line":12,"column":56},"end":{"line":58,"column":null}},"line":12},"1":{"name":"(anonymous_1)","decl":{"start":{"line":18,"column":19},"end":{"line":18,"column":26}},"loc":{"start":{"line":18,"column":46},"end":{"line":55,"column":null}},"line":18}},"branchMap":{"0":{"loc":{"start":{"line":23,"column":21},"end":{"line":23,"column":null}},"type":"binary-expr","locations":[{"start":{"line":23,"column":21},"end":{"line":23,"column":50}},{"start":{"line":23,"column":50},"end":{"line":23,"column":null}}],"line":23},"1":{"loc":{"start":{"line":39,"column":6},"end":{"line":41,"column":null}},"type":"if","locations":[{"start":{"line":39,"column":6},"end":{"line":41,"column":null}},{"start":{},"end":{}}],"line":39},"2":{"loc":{"start":{"line":45,"column":6},"end":{"line":47,"column":null}},"type":"if","locations":[{"start":{"line":45,"column":6},"end":{"line":47,"column":null}},{"start":{},"end":{}}],"line":45},"3":{"loc":{"start":{"line":46,"column":24},"end":{"line":46,"column":62}},"type":"binary-expr","locations":[{"start":{"line":46,"column":24},"end":{"line":46,"column":46}},{"start":{"line":46,"column":46},"end":{"line":46,"column":62}}],"line":46},"4":{"loc":{"start":{"line":49,"column":16},"end":{"line":49,"column":60}},"type":"binary-expr","locations":[{"start":{"line":49,"column":16},"end":{"line":49,"column":39}},{"start":{"line":49,"column":39},"end":{"line":49,"column":60}}],"line":49},"5":{"loc":{"start":{"line":52,"column":15},"end":{"line":52,"column":67}},"type":"binary-expr","locations":[{"start":{"line":52,"column":15},"end":{"line":52,"column":30}},{"start":{"line":52,"column":30},"end":{"line":52,"column":67}}],"line":52}},"s":{"0":1,"1":15,"2":15,"3":15,"4":15,"5":15,"6":7,"7":7,"8":7,"9":7,"10":7,"11":7,"12":5,"13":1,"14":4,"15":4,"16":2,"17":2,"18":7,"19":5,"20":5,"21":15},"f":{"0":15,"1":7},"b":{"0":[7,7],"1":[1,4],"2":[2,2],"3":[2,1],"4":[2,1],"5":[5,1]},"meta":{"lastBranch":6,"lastFunction":2,"lastStatement":22,"seen":{"s:12:13:58:Infinity":0,"f:12:13:12:56":0,"s:13:17:13:Infinity":1,"s:14:16:14:Infinity":2,"s:15:16:15:Infinity":3,"s:16:17:16:Infinity":4,"s:18:19:55:Infinity":5,"f:18:19:18:26":1,"s:19:4:19:Infinity":6,"s:20:4:20:Infinity":7,"s:21:4:21:Infinity":8,"s:23:21:23:Infinity":9,"b:23:21:23:50:23:50:23:Infinity":0,"s:25:4:54:Infinity":10,"s:26:23:37:Infinity":11,"b:39:6:41:Infinity:undefined:undefined:undefined:undefined":1,"s:39:6:41:Infinity":12,"s:40:8:40:Infinity":13,"s:43:19:43:Infinity":14,"b:45:6:47:Infinity:undefined:undefined:undefined:undefined":2,"s:45:6:47:Infinity":15,"s:46:8:46:Infinity":16,"b:46:24:46:46:46:46:46:62":3,"s:49:6:49:Infinity":17,"b:49:16:49:39:49:39:49:60":4,"s:50:6:50:Infinity":18,"s:52:6:52:Infinity":19,"b:52:15:52:30:52:30:52:67":5,"s:53:6:53:Infinity":20,"s:57:2:57:Infinity":21}}}
,"/app/src/cli/src/hooks/useVisualWorkflow.ts": {"path":"/app/src/cli/src/hooks/useVisualWorkflow.ts","statementMap":{"0":{"start":{"line":18,"column":13},"end":{"line":63,"column":null}},"1":{"start":{"line":19,"column":17},"end":{"line":19,"column":null}},"2":{"start":{"line":20,"column":17},"end":{"line":20,"column":null}},"3":{"start":{"line":21,"column":16},"end":{"line":21,"column":null}},"4":{"start":{"line":23,"column":22},"end":{"line":60,"column":null}},"5":{"start":{"line":24,"column":4},"end":{"line":24,"column":null}},"6":{"start":{"line":25,"column":4},"end":{"line":25,"column":null}},"7":{"start":{"line":26,"column":4},"end":{"line":26,"column":null}},"8":{"start":{"line":28,"column":21},"end":{"line":28,"column":null}},"9":{"start":{"line":30,"column":4},"end":{"line":59,"column":null}},"10":{"start":{"line":31,"column":23},"end":{"line":42,"column":null}},"11":{"start":{"line":44,"column":6},"end":{"line":46,"column":null}},"12":{"start":{"line":45,"column":8},"end":{"line":45,"column":null}},"13":{"start":{"line":48,"column":19},"end":{"line":48,"column":null}},"14":{"start":{"line":50,"column":6},"end":{"line":52,"column":null}},"15":{"start":{"line":51,"column":8},"end":{"line":51,"column":null}},"16":{"start":{"line":54,"column":6},"end":{"line":54,"column":null}},"17":{"start":{"line":55,"column":6},"end":{"line":55,"column":null}},"18":{"start":{"line":57,"column":6},"end":{"line":57,"column":null}},"19":{"start":{"line":58,"column":6},"end":{"line":58,"column":null}},"20":{"start":{"line":62,"column":2},"end":{"line":62,"column":null}}},"fnMap":{"0":{"name":"(anonymous_0)","decl":{"start":{"line":18,"column":13},"end":{"line":18,"column":39}},"loc":{"start":{"line":18,"column":39},"end":{"line":63,"column":null}},"line":18},"1":{"name":"(anonymous_1)","decl":{"start":{"line":23,"column":22},"end":{"line":23,"column":29}},"loc":{"start":{"line":23,"column":86},"end":{"line":60,"column":null}},"line":23}},"branchMap":{"0":{"loc":{"start":{"line":28,"column":21},"end":{"line":28,"column":null}},"type":"binary-expr","locations":[{"start":{"line":28,"column":21},"end":{"line":28,"column":50}},{"start":{"line":28,"column":50},"end":{"line":28,"column":null}}],"line":28},"1":{"loc":{"start":{"line":44,"column":6},"end":{"line":46,"column":null}},"type":"if","locations":[{"start":{"line":44,"column":6},"end":{"line":46,"column":null}},{"start":{},"end":{}}],"line":44},"2":{"loc":{"start":{"line":50,"column":6},"end":{"line":52,"column":null}},"type":"if","locations":[{"start":{"line":50,"column":6},"end":{"line":52,"column":null}},{"start":{},"end":{}}],"line":50},"3":{"loc":{"start":{"line":51,"column":24},"end":{"line":51,"column":62}},"type":"binary-expr","locations":[{"start":{"line":51,"column":24},"end":{"line":51,"column":46}},{"start":{"line":51,"column":46},"end":{"line":51,"column":62}}],"line":51},"4":{"loc":{"start":{"line":54,"column":16},"end":{"line":54,"column":60}},"type":"binary-expr","locations":[{"start":{"line":54,"column":16},"end":{"line":54,"column":39}},{"start":{"line":54,"column":39},"end":{"line":54,"column":60}}],"line":54},"5":{"loc":{"start":{"line":57,"column":15},"end":{"line":57,"column":67}},"type":"binary-expr","locations":[{"start":{"line":57,"column":15},"end":{"line":57,"column":30}},{"start":{"line":57,"column":30},"end":{"line":57,"column":67}}],"line":57}},"s":{"0":2,"1":16,"2":16,"3":16,"4":16,"5":7,"6":7,"7":7,"8":7,"9":7,"10":7,"11":5,"12":1,"13":4,"14":4,"15":2,"16":2,"17":7,"18":5,"19":5,"20":16},"f":{"0":16,"1":7},"b":{"0":[7,7],"1":[1,4],"2":[2,2],"3":[2,1],"4":[2,1],"5":[5,1]},"meta":{"lastBranch":6,"lastFunction":2,"lastStatement":21,"seen":{"s:18:13:63:Infinity":0,"f:18:13:18:39":0,"s:19:17:19:Infinity":1,"s:20:17:20:Infinity":2,"s:21:16:21:Infinity":3,"s:23:22:60:Infinity":4,"f:23:22:23:29":1,"s:24:4:24:Infinity":5,"s:25:4:25:Infinity":6,"s:26:4:26:Infinity":7,"s:28:21:28:Infinity":8,"b:28:21:28:50:28:50:28:Infinity":0,"s:30:4:59:Infinity":9,"s:31:23:42:Infinity":10,"b:44:6:46:Infinity:undefined:undefined:undefined:undefined":1,"s:44:6:46:Infinity":11,"s:45:8:45:Infinity":12,"s:48:19:48:Infinity":13,"b:50:6:52:Infinity:undefined:undefined:undefined:undefined":2,"s:50:6:52:Infinity":14,"s:51:8:51:Infinity":15,"b:51:24:51:46:51:46:51:62":3,"s:54:6:54:Infinity":16,"b:54:16:54:39:54:39:54:60":4,"s:55:6:55:Infinity":17,"s:57:6:57:Infinity":18,"b:57:15:57:30:57:30:57:67":5,"s:58:6:58:Infinity":19,"s:62:2:62:Infinity":20}}}
}
